  main.cpp
C:\Users\victo\OneDrive\Desktop\openGL\Project\shader.h(45,40): warning C4101: 'e': unreferenced local variable
C:\Users\victo\OneDrive\Desktop\openGL\Project\scene.h(30,20): warning C4018: '<': signed/unsigned mismatch
C:\Users\victo\OneDrive\Desktop\openGL\Project\scene.h(162,67): warning C4244: 'argument': conversion from 'T' to 'int', possible loss of data
          with
          [
              T=float
          ]
C:\Users\victo\OneDrive\Desktop\openGL\Project\scene.h(201,25): warning C4244: 'argument': conversion from 'double' to 'T', possible loss of data
          with
          [
              T=glm::i32
          ]
C:\Users\victo\OneDrive\Desktop\openGL\Project\scene.h(266,1): warning C4305: 'argument': truncation from 'double' to 'float'
C:\Users\victo\OneDrive\Desktop\openGL\Project\scene.h(267,1): warning C4305: 'argument': truncation from 'double' to 'float'
C:\Users\victo\OneDrive\Desktop\openGL\Project\scene.h(271,1): warning C4305: 'argument': truncation from 'double' to 'float'
C:\Users\victo\OneDrive\Desktop\openGL\Project\scene.h(272,1): warning C4305: 'argument': truncation from 'double' to 'float'
C:\Users\victo\OneDrive\Desktop\openGL\Project\scene.h(275,1): warning C4305: 'argument': truncation from 'double' to 'float'
C:\Users\victo\OneDrive\Desktop\openGL\Project\scene.h(276,1): warning C4305: 'argument': truncation from 'double' to 'float'
C:\Users\victo\OneDrive\Desktop\openGL\Project\scene.h(279,1): warning C4305: 'argument': truncation from 'double' to 'float'
C:\Users\victo\OneDrive\Desktop\openGL\Project\scene.h(280,1): warning C4305: 'argument': truncation from 'double' to 'float'
C:\Users\victo\OneDrive\Desktop\openGL\Project\scene.h(299,1): warning C4305: 'argument': truncation from 'double' to 'float'
C:\Users\victo\OneDrive\Desktop\openGL\Project\scene.h(300,1): warning C4305: 'argument': truncation from 'double' to 'float'
C:\Users\victo\OneDrive\Desktop\openGL\Project\scene.h(304,1): warning C4305: 'argument': truncation from 'double' to 'float'
C:\Users\victo\OneDrive\Desktop\openGL\Project\scene.h(305,1): warning C4305: 'argument': truncation from 'double' to 'float'
C:\Users\victo\OneDrive\Desktop\openGL\Project\scene.h(308,1): warning C4305: 'argument': truncation from 'double' to 'float'
C:\Users\victo\OneDrive\Desktop\openGL\Project\scene.h(309,1): warning C4305: 'argument': truncation from 'double' to 'float'
C:\Users\victo\OneDrive\Desktop\openGL\Project\scene.h(312,1): warning C4305: 'argument': truncation from 'double' to 'float'
C:\Users\victo\OneDrive\Desktop\openGL\Project\scene.h(313,1): warning C4305: 'argument': truncation from 'double' to 'float'
C:\Users\victo\OneDrive\Desktop\openGL\Project\scene.h(315,1): warning C4305: 'argument': truncation from 'double' to 'T'
          with
          [
              T=float
          ]
C:\Users\victo\OneDrive\Desktop\openGL\Project\scene.h(358,14): warning C4244: 'initializing': conversion from 'double' to 'float', possible loss of data
C:\Users\victo\OneDrive\Desktop\openGL\Project\scene.h(638,20): warning C4244: '=': conversion from 'int' to 'T', possible loss of data
          with
          [
              T=float
          ]
C:\Users\victo\OneDrive\Desktop\openGL\Project\scene.h(640,20): warning C4244: '=': conversion from 'int' to 'T', possible loss of data
          with
          [
              T=float
          ]
C:\Users\victo\OneDrive\Desktop\openGL\Project\main.cpp(157,28): warning C4244: 'initializing': conversion from 'double' to 'float', possible loss of data
C:\Users\victo\OneDrive\Desktop\openGL\Project\main.cpp(276,67): warning C4244: 'argument': conversion from 'double' to 'float', possible loss of data
C:\Users\victo\OneDrive\Desktop\openGL\Project\main.cpp(284,68): warning C4244: 'argument': conversion from 'double' to 'float', possible loss of data
C:\Users\victo\OneDrive\Desktop\openGL\Project\main.cpp(292,64): warning C4244: 'argument': conversion from 'double' to 'float', possible loss of data
C:\Users\victo\OneDrive\Desktop\openGL\Project\main.cpp(300,65): warning C4244: 'argument': conversion from 'double' to 'float', possible loss of data
C:\Users\victo\OneDrive\Desktop\openGL\Project\main.cpp(308,62): warning C4244: 'argument': conversion from 'double' to 'float', possible loss of data
C:\Users\victo\OneDrive\Desktop\openGL\Project\main.cpp(316,64): warning C4244: 'argument': conversion from 'double' to 'float', possible loss of data
C:\Users\victo\OneDrive\Desktop\openGL\Project\main.cpp(340,17): warning C4244: '=': conversion from 'double' to 'float', possible loss of data
C:\Users\victo\OneDrive\Desktop\openGL\Project\main.cpp(341,17): warning C4244: '=': conversion from 'double' to 'float', possible loss of data
C:\Users\victo\OneDrive\Desktop\openGL\Project\main.cpp(345,19): warning C4244: 'initializing': conversion from 'double' to 'float', possible loss of data
C:\Users\victo\OneDrive\Desktop\openGL\Project\main.cpp(346,19): warning C4244: 'initializing': conversion from 'double' to 'float', possible loss of data
C:\Users\victo\OneDrive\Desktop\openGL\Project\main.cpp(348,13): warning C4244: '=': conversion from 'double' to 'float', possible loss of data
C:\Users\victo\OneDrive\Desktop\openGL\Project\main.cpp(349,13): warning C4244: '=': conversion from 'double' to 'float', possible loss of data
C:\Users\victo\OneDrive\Desktop\openGL\Project\main.cpp(428,36): warning C4305: 'argument': truncation from 'double' to 'GLclampf'
C:\Program Files (x86)\Microsoft Visual Studio\2019\Community\VC\Tools\MSVC\14.28.29910\include\xmemory(696,103): warning C4244: 'argument': conversion from '_Ty' to 'float', possible loss of data
          with
          [
              _Ty=double
          ]
C:\Program Files (x86)\Microsoft Visual Studio\2019\Community\VC\Tools\MSVC\14.28.29910\include\vector(689): message : see reference to function template instantiation 'void std::_Default_allocator_traits<_Alloc>::construct<_Ty,glm::vec<3,float,glm::packed_highp>,double,double>(_Alloc &,_Objty *const ,glm::vec<3,float,glm::packed_highp> &&,double &&,double &&)' being compiled
          with
          [
              _Alloc=std::allocator<Camera>,
              _Ty=Camera,
              _Objty=Camera
          ]
C:\Program Files (x86)\Microsoft Visual Studio\2019\Community\VC\Tools\MSVC\14.28.29910\include\vector(694): message : see reference to function template instantiation 'void std::_Default_allocator_traits<_Alloc>::construct<_Ty,glm::vec<3,float,glm::packed_highp>,double,double>(_Alloc &,_Objty *const ,glm::vec<3,float,glm::packed_highp> &&,double &&,double &&)' being compiled
          with
          [
              _Alloc=std::allocator<Camera>,
              _Ty=Camera,
              _Objty=Camera
          ]
C:\Program Files (x86)\Microsoft Visual Studio\2019\Community\VC\Tools\MSVC\14.28.29910\include\vector(707): message : see reference to function template instantiation 'void std::vector<Camera,std::allocator<Camera>>::_Emplace_back_with_unused_capacity<_Ty,double,double>(_Ty &&,double &&,double &&)' being compiled
          with
          [
              _Ty=glm::vec3
          ]
C:\Users\victo\OneDrive\Desktop\openGL\Project\scene.h(241): message : see reference to function template instantiation 'void std::vector<Camera,std::allocator<Camera>>::emplace_back<glm::vec3,double,double>(glm::vec3 &&,double &&,double &&)' being compiled
  Project.vcxproj -> C:\Users\victo\OneDrive\Desktop\openGL\Project\Debug\Project.exe
